<?xml version="1.0" encoding="UTF-8"?>
<coverage generated="1776527546981" clover="3.2.0">
  <project timestamp="1776527546981" name="All files">
    <metrics statements="130" coveredstatements="96" conditionals="67" coveredconditionals="47" methods="35" coveredmethods="22" elements="232" coveredelements="165" complexity="0" loc="130" ncloc="130" packages="2" files="5" classes="5"/>
    <package name="models">
      <metrics statements="16" coveredstatements="7" conditionals="5" coveredconditionals="0" methods="3" coveredmethods="0"/>
      <file name="BusStop.js" path="C:\Users\HP\Desktop\SBR Respositry\SBR\back-end\models\BusStop.js">
        <metrics statements="16" coveredstatements="7" conditionals="5" coveredconditionals="0" methods="3" coveredmethods="0"/>
        <line num="3" count="1" type="stmt"/>
        <line num="69" count="1" type="stmt"/>
        <line num="70" count="0" type="cond" truecount="0" falsecount="4"/>
        <line num="71" count="0" type="stmt"/>
        <line num="76" count="0" type="stmt"/>
        <line num="80" count="1" type="stmt"/>
        <line num="81" count="1" type="stmt"/>
        <line num="84" count="1" type="stmt"/>
        <line num="85" count="0" type="stmt"/>
        <line num="86" count="0" type="stmt"/>
        <line num="87" count="0" type="stmt"/>
        <line num="88" count="0" type="stmt"/>
        <line num="92" count="0" type="stmt"/>
        <line num="96" count="1" type="cond" truecount="0" falsecount="1"/>
        <line num="97" count="0" type="stmt"/>
        <line num="111" count="1" type="stmt"/>
      </file>
    </package>
    <package name="services">
      <metrics statements="114" coveredstatements="89" conditionals="62" coveredconditionals="47" methods="32" coveredmethods="22"/>
      <file name="geoCalculator.service.js" path="C:\Users\HP\Desktop\SBR Respositry\SBR\back-end\services\geoCalculator.service.js">
        <metrics statements="21" coveredstatements="8" conditionals="3" coveredconditionals="0" methods="4" coveredmethods="1"/>
        <line num="3" count="1" type="stmt"/>
        <line num="4" count="3" type="stmt"/>
        <line num="5" count="3" type="stmt"/>
        <line num="6" count="3" type="stmt"/>
        <line num="8" count="3" type="stmt"/>
        <line num="11" count="3" type="stmt"/>
        <line num="14" count="1" type="cond" truecount="0" falsecount="1"/>
        <line num="15" count="0" type="stmt"/>
        <line num="16" count="0" type="stmt"/>
        <line num="18" count="0" type="stmt"/>
        <line num="24" count="0" type="stmt"/>
        <line num="25" count="0" type="stmt"/>
        <line num="27" count="0" type="stmt"/>
        <line num="28" count="0" type="stmt"/>
        <line num="29" count="0" type="stmt"/>
        <line num="30" count="0" type="cond" truecount="0" falsecount="2"/>
        <line num="31" count="0" type="stmt"/>
        <line num="34" count="0" type="stmt"/>
        <line num="38" count="1" type="stmt"/>
        <line num="39" count="0" type="stmt"/>
        <line num="45" count="0" type="stmt"/>
      </file>
      <file name="scheduleGenerator.service.js" path="C:\Users\HP\Desktop\SBR Respositry\SBR\back-end\services\scheduleGenerator.service.js">
        <metrics statements="27" coveredstatements="22" conditionals="20" coveredconditionals="13" methods="6" coveredmethods="2"/>
        <line num="3" count="1" type="stmt"/>
        <line num="4" count="3" type="stmt"/>
        <line num="5" count="3" type="stmt"/>
        <line num="8" count="1" type="stmt"/>
        <line num="9" count="0" type="stmt"/>
        <line num="10" count="0" type="cond" truecount="0" falsecount="2"/>
        <line num="13" count="1" type="cond" truecount="1" falsecount="1"/>
        <line num="14" count="3" type="stmt"/>
        <line num="17" count="3" type="cond" truecount="3" falsecount="1"/>
        <line num="21" count="3" type="cond" truecount="5" falsecount="0"/>
        <line num="24" count="2" type="stmt"/>
        <line num="26" count="2" type="cond" truecount="1" falsecount="1"/>
        <line num="29" count="1" type="stmt"/>
        <line num="30" count="1" type="stmt"/>
        <line num="31" count="1" type="stmt"/>
        <line num="35" count="3" type="cond" truecount="3" falsecount="1"/>
        <line num="37" count="3" type="stmt"/>
        <line num="38" count="13" type="stmt"/>
        <line num="39" count="13" type="stmt"/>
        <line num="41" count="13" type="stmt"/>
        <line num="49" count="3" type="stmt"/>
        <line num="52" count="1" type="stmt"/>
        <line num="53" count="0" type="stmt"/>
        <line num="56" count="1" type="stmt"/>
        <line num="57" count="0" type="stmt"/>
        <line num="60" count="1" type="cond" truecount="0" falsecount="1"/>
        <line num="61" count="0" type="stmt"/>
      </file>
      <file name="timeHelper.service.js" path="C:\Users\HP\Desktop\SBR Respositry\SBR\back-end\services\timeHelper.service.js">
        <metrics statements="34" coveredstatements="27" conditionals="29" coveredconditionals="24" methods="7" coveredmethods="4"/>
        <line num="10" count="2" type="stmt"/>
        <line num="11" count="0" type="stmt"/>
        <line num="12" count="0" type="stmt"/>
        <line num="13" count="0" type="stmt"/>
        <line num="21" count="2" type="stmt"/>
        <line num="22" count="17" type="cond" truecount="4" falsecount="0"/>
        <line num="23" count="16" type="stmt"/>
        <line num="24" count="16" type="stmt"/>
        <line num="25" count="16" type="cond" truecount="2" falsecount="0"/>
        <line num="26" count="16" type="stmt"/>
        <line num="27" count="16" type="cond" truecount="2" falsecount="0"/>
        <line num="28" count="16" type="cond" truecount="2" falsecount="0"/>
        <line num="29" count="16" type="stmt"/>
        <line num="37" count="2" type="stmt"/>
        <line num="38" count="14" type="cond" truecount="3" falsecount="1"/>
        <line num="39" count="14" type="stmt"/>
        <line num="40" count="14" type="stmt"/>
        <line num="41" count="14" type="cond" truecount="2" falsecount="0"/>
        <line num="42" count="14" type="cond" truecount="2" falsecount="0"/>
        <line num="43" count="14" type="stmt"/>
        <line num="52" count="2" type="stmt"/>
        <line num="53" count="13" type="cond" truecount="3" falsecount="1"/>
        <line num="54" count="13" type="stmt"/>
        <line num="63" count="2" type="stmt"/>
        <line num="64" count="0" type="stmt"/>
        <line num="72" count="2" type="stmt"/>
        <line num="73" count="0" type="stmt"/>
        <line num="74" count="0" type="cond" truecount="0" falsecount="2"/>
        <line num="83" count="2" type="stmt"/>
        <line num="84" count="15" type="cond" truecount="4" falsecount="1"/>
        <line num="85" count="0" type="stmt"/>
        <line num="87" count="15" type="stmt"/>
        <line num="88" count="15" type="stmt"/>
        <line num="89" count="15" type="stmt"/>
      </file>
      <file name="topsis.service.js" path="C:\Users\HP\Desktop\SBR Respositry\SBR\back-end\services\topsis.service.js">
        <metrics statements="32" coveredstatements="32" conditionals="10" coveredconditionals="10" methods="15" coveredmethods="15"/>
        <line num="5" count="1" type="stmt"/>
        <line num="6" count="3" type="stmt"/>
        <line num="7" count="3" type="stmt"/>
        <line num="16" count="1" type="stmt"/>
        <line num="17" count="5" type="cond" truecount="4" falsecount="0"/>
        <line num="20" count="4" type="cond" truecount="2" falsecount="0"/>
        <line num="21" count="1" type="stmt"/>
        <line num="24" count="3" type="stmt"/>
        <line num="25" count="3" type="stmt"/>
        <line num="29" count="3" type="stmt"/>
        <line num="30" count="40" type="stmt"/>
        <line num="31" count="40" type="stmt"/>
        <line num="32" count="15" type="cond" truecount="2" falsecount="0"/>
        <line num="33" count="32" type="stmt"/>
        <line num="37" count="3" type="stmt"/>
        <line num="38" count="40" type="stmt"/>
        <line num="42" count="15" type="stmt"/>
        <line num="43" count="15" type="stmt"/>
        <line num="50" count="3" type="stmt"/>
        <line num="51" count="8" type="stmt"/>
        <line num="52" count="8" type="stmt"/>
        <line num="53" count="40" type="stmt"/>
        <line num="54" count="40" type="stmt"/>
        <line num="55" count="40" type="stmt"/>
        <line num="57" count="8" type="stmt"/>
        <line num="64" count="3" type="stmt"/>
        <line num="65" count="8" type="stmt"/>
        <line num="66" count="8" type="stmt"/>
        <line num="67" count="8" type="cond" truecount="2" falsecount="0"/>
        <line num="68" count="8" type="stmt"/>
        <line num="72" count="7" type="stmt"/>
        <line num="74" count="3" type="stmt"/>
      </file>
    </package>
  </project>
</coverage>
