{"C:\\Users\\HP\\Desktop\\SBR Respositry\\SBR\\back-end\\models\\BusStop.js": {"path":"C:\\Users\\HP\\Desktop\\SBR Respositry\\SBR\\back-end\\models\\BusStop.js","statementMap":{"0":{"start":{"line":3,"column":22},"end":{"line":66,"column":24}},"1":{"start":{"line":69,"column":0},"end":{"line":77,"column":3}},"2":{"start":{"line":70,"column":2},"end":{"line":75,"column":3}},"3":{"start":{"line":71,"column":4},"end":{"line":74,"column":6}},"4":{"start":{"line":76,"column":2},"end":{"line":76,"column":9}},"5":{"start":{"line":80,"column":0},"end":{"line":80,"column":46}},"6":{"start":{"line":81,"column":0},"end":{"line":81,"column":46}},"7":{"start":{"line":84,"column":0},"end":{"line":93,"column":2}},"8":{"start":{"line":85,"column":12},"end":{"line":85,"column":16}},"9":{"start":{"line":86,"column":15},"end":{"line":86,"column":56}},"10":{"start":{"line":87,"column":15},"end":{"line":87,"column":56}},"11":{"start":{"line":88,"column":12},"end":{"line":91,"column":47}},"12":{"start":{"line":92,"column":2},"end":{"line":92,"column":63}},"13":{"start":{"line":96,"column":0},"end":{"line":109,"column":2}},"14":{"start":{"line":97,"column":2},"end":{"line":108,"column":5}},"15":{"start":{"line":111,"column":16},"end":{"line":111,"column":56}}},"fnMap":{"0":{"name":"(anonymous_0)","decl":{"start":{"line":69,"column":26},"end":{"line":69,"column":27}},"loc":{"start":{"line":69,"column":42},"end":{"line":77,"column":1}},"line":69},"1":{"name":"(anonymous_1)","decl":{"start":{"line":84,"column":35},"end":{"line":84,"column":36}},"loc":{"start":{"line":84,"column":55},"end":{"line":93,"column":1}},"line":84},"2":{"name":"(anonymous_2)","decl":{"start":{"line":96,"column":35},"end":{"line":96,"column":36}},"loc":{"start":{"line":96,"column":69},"end":{"line":109,"column":1}},"line":96}},"branchMap":{"0":{"loc":{"start":{"line":70,"column":2},"end":{"line":75,"column":3}},"type":"if","locations":[{"start":{"line":70,"column":2},"end":{"line":75,"column":3}},{"start":{},"end":{}}],"line":70},"1":{"loc":{"start":{"line":70,"column":6},"end":{"line":70,"column":62}},"type":"binary-expr","locations":[{"start":{"line":70,"column":6},"end":{"line":70,"column":32}},{"start":{"line":70,"column":36},"end":{"line":70,"column":62}}],"line":70},"2":{"loc":{"start":{"line":96,"column":55},"end":{"line":96,"column":67}},"type":"default-arg","locations":[{"start":{"line":96,"column":66},"end":{"line":96,"column":67}}],"line":96}},"s":{"0":1,"1":1,"2":0,"3":0,"4":0,"5":1,"6":1,"7":1,"8":0,"9":0,"10":0,"11":0,"12":0,"13":1,"14":0,"15":1},"f":{"0":0,"1":0,"2":0},"b":{"0":[0,0],"1":[0,0],"2":[0]},"_coverageSchema":"1a1c01bbd47fc00a2c39e90264f33305004495a9","hash":"8a94def6a198d6589c9f4365e0355b8ae5f1fcf1"}
,"C:\\Users\\HP\\Desktop\\SBR Respositry\\SBR\\back-end\\services\\geoCalculator.service.js": {"path":"C:\\Users\\HP\\Desktop\\SBR Respositry\\SBR\\back-end\\services\\geoCalculator.service.js","statementMap":{"0":{"start":{"line":3,"column":33},"end":{"line":12,"column":1}},"1":{"start":{"line":4,"column":12},"end":{"line":4,"column":16}},"2":{"start":{"line":5,"column":15},"end":{"line":5,"column":44}},"3":{"start":{"line":6,"column":15},"end":{"line":6,"column":44}},"4":{"start":{"line":8,"column":4},"end":{"line":10,"column":43}},"5":{"start":{"line":11,"column":2},"end":{"line":11,"column":60}},"6":{"start":{"line":14,"column":31},"end":{"line":36,"column":1}},"7":{"start":{"line":15,"column":2},"end":{"line":35,"column":3}},"8":{"start":{"line":16,"column":24},"end":{"line":16,"column":68}},"9":{"start":{"line":18,"column":4},"end":{"line":21,"column":8}},"10":{"start":{"line":18,"column":36},"end":{"line":21,"column":5}},"11":{"start":{"line":24,"column":4},"end":{"line":24,"column":89}},"12":{"start":{"line":25,"column":21},"end":{"line":25,"column":61}},"13":{"start":{"line":27,"column":20},"end":{"line":27,"column":22}},"14":{"start":{"line":28,"column":4},"end":{"line":33,"column":5}},"15":{"start":{"line":29,"column":23},"end":{"line":29,"column":88}},"16":{"start":{"line":30,"column":6},"end":{"line":32,"column":7}},"17":{"start":{"line":31,"column":8},"end":{"line":31,"column":55}},"18":{"start":{"line":34,"column":4},"end":{"line":34,"column":19}},"19":{"start":{"line":38,"column":40},"end":{"line":46,"column":1}},"20":{"start":{"line":39,"column":19},"end":{"line":44,"column":3}},"21":{"start":{"line":45,"column":2},"end":{"line":45,"column":42}}},"fnMap":{"0":{"name":"(anonymous_0)","decl":{"start":{"line":3,"column":33},"end":{"line":3,"column":34}},"loc":{"start":{"line":3,"column":61},"end":{"line":12,"column":1}},"line":3},"1":{"name":"(anonymous_1)","decl":{"start":{"line":14,"column":31},"end":{"line":14,"column":32}},"loc":{"start":{"line":14,"column":67},"end":{"line":36,"column":1}},"line":14},"2":{"name":"(anonymous_2)","decl":{"start":{"line":18,"column":27},"end":{"line":18,"column":28}},"loc":{"start":{"line":18,"column":36},"end":{"line":21,"column":5}},"line":18},"3":{"name":"(anonymous_3)","decl":{"start":{"line":38,"column":40},"end":{"line":38,"column":41}},"loc":{"start":{"line":38,"column":61},"end":{"line":46,"column":1}},"line":38}},"branchMap":{"0":{"loc":{"start":{"line":14,"column":48},"end":{"line":14,"column":62}},"type":"default-arg","locations":[{"start":{"line":14,"column":59},"end":{"line":14,"column":62}}],"line":14},"1":{"loc":{"start":{"line":30,"column":6},"end":{"line":32,"column":7}},"type":"if","locations":[{"start":{"line":30,"column":6},"end":{"line":32,"column":7}},{"start":{},"end":{}}],"line":30}},"s":{"0":1,"1":3,"2":3,"3":3,"4":3,"5":3,"6":1,"7":0,"8":0,"9":0,"10":0,"11":0,"12":0,"13":0,"14":0,"15":0,"16":0,"17":0,"18":0,"19":1,"20":0,"21":0},"f":{"0":3,"1":0,"2":0,"3":0},"b":{"0":[0],"1":[0,0]},"_coverageSchema":"1a1c01bbd47fc00a2c39e90264f33305004495a9","hash":"4e7225604f8e705dac1885057bef4ecd0d1e0d36"}
,"C:\\Users\\HP\\Desktop\\SBR Respositry\\SBR\\back-end\\services\\scheduleGenerator.service.js": {"path":"C:\\Users\\HP\\Desktop\\SBR Respositry\\SBR\\back-end\\services\\scheduleGenerator.service.js","statementMap":{"0":{"start":{"line":3,"column":36},"end":{"line":6,"column":1}},"1":{"start":{"line":4,"column":28},"end":{"line":4,"column":29}},"2":{"start":{"line":5,"column":2},"end":{"line":5,"column":58}},"3":{"start":{"line":8,"column":35},"end":{"line":11,"column":1}},"4":{"start":{"line":9,"column":20},"end":{"line":9,"column":60}},"5":{"start":{"line":10,"column":2},"end":{"line":10,"column":77}},"6":{"start":{"line":13,"column":36},"end":{"line":50,"column":1}},"7":{"start":{"line":14,"column":19},"end":{"line":14,"column":21}},"8":{"start":{"line":17,"column":2},"end":{"line":17,"column":51}},"9":{"start":{"line":17,"column":36},"end":{"line":17,"column":51}},"10":{"start":{"line":21,"column":2},"end":{"line":32,"column":3}},"11":{"start":{"line":24,"column":4},"end":{"line":24,"column":71}},"12":{"start":{"line":26,"column":4},"end":{"line":26,"column":69}},"13":{"start":{"line":26,"column":41},"end":{"line":26,"column":69}},"14":{"start":{"line":29,"column":20},"end":{"line":29,"column":60}},"15":{"start":{"line":30,"column":20},"end":{"line":30,"column":33}},"16":{"start":{"line":31,"column":4},"end":{"line":31,"column":83}},"17":{"start":{"line":35,"column":2},"end":{"line":35,"column":79}},"18":{"start":{"line":35,"column":52},"end":{"line":35,"column":79}},"19":{"start":{"line":37,"column":2},"end":{"line":47,"column":3}},"20":{"start":{"line":37,"column":15},"end":{"line":37,"column":16}},"21":{"start":{"line":38,"column":25},"end":{"line":38,"column":57}},"22":{"start":{"line":39,"column":25},"end":{"line":39,"column":73}},"23":{"start":{"line":41,"column":4},"end":{"line":46,"column":7}},"24":{"start":{"line":49,"column":2},"end":{"line":49,"column":18}},"25":{"start":{"line":52,"column":41},"end":{"line":54,"column":1}},"26":{"start":{"line":53,"column":2},"end":{"line":53,"column":57}},"27":{"start":{"line":56,"column":37},"end":{"line":58,"column":1}},"28":{"start":{"line":57,"column":2},"end":{"line":57,"column":56}},"29":{"start":{"line":60,"column":43},"end":{"line":62,"column":1}},"30":{"start":{"line":61,"column":2},"end":{"line":61,"column":73}}},"fnMap":{"0":{"name":"(anonymous_0)","decl":{"start":{"line":3,"column":36},"end":{"line":3,"column":37}},"loc":{"start":{"line":3,"column":52},"end":{"line":6,"column":1}},"line":3},"1":{"name":"(anonymous_1)","decl":{"start":{"line":8,"column":35},"end":{"line":8,"column":36}},"loc":{"start":{"line":8,"column":62},"end":{"line":11,"column":1}},"line":8},"2":{"name":"(anonymous_2)","decl":{"start":{"line":13,"column":36},"end":{"line":13,"column":37}},"loc":{"start":{"line":13,"column":98},"end":{"line":50,"column":1}},"line":13},"3":{"name":"(anonymous_3)","decl":{"start":{"line":52,"column":41},"end":{"line":52,"column":42}},"loc":{"start":{"line":52,"column":92},"end":{"line":54,"column":1}},"line":52},"4":{"name":"(anonymous_4)","decl":{"start":{"line":56,"column":37},"end":{"line":56,"column":38}},"loc":{"start":{"line":56,"column":87},"end":{"line":58,"column":1}},"line":56},"5":{"name":"(anonymous_5)","decl":{"start":{"line":60,"column":43},"end":{"line":60,"column":44}},"loc":{"start":{"line":60,"column":113},"end":{"line":62,"column":1}},"line":60}},"branchMap":{"0":{"loc":{"start":{"line":10,"column":9},"end":{"line":10,"column":76}},"type":"cond-expr","locations":[{"start":{"line":10,"column":21},"end":{"line":10,"column":47}},{"start":{"line":10,"column":50},"end":{"line":10,"column":76}}],"line":10},"1":{"loc":{"start":{"line":13,"column":61},"end":{"line":13,"column":70}},"type":"default-arg","locations":[{"start":{"line":13,"column":69},"end":{"line":13,"column":70}}],"line":13},"2":{"loc":{"start":{"line":13,"column":72},"end":{"line":13,"column":93}},"type":"default-arg","locations":[{"start":{"line":13,"column":89},"end":{"line":13,"column":93}}],"line":13},"3":{"loc":{"start":{"line":17,"column":2},"end":{"line":17,"column":51}},"type":"if","locations":[{"start":{"line":17,"column":2},"end":{"line":17,"column":51}},{"start":{},"end":{}}],"line":17},"4":{"loc":{"start":{"line":17,"column":6},"end":{"line":17,"column":34}},"type":"binary-expr","locations":[{"start":{"line":17,"column":6},"end":{"line":17,"column":16}},{"start":{"line":17,"column":20},"end":{"line":17,"column":34}}],"line":17},"5":{"loc":{"start":{"line":21,"column":2},"end":{"line":32,"column":3}},"type":"if","locations":[{"start":{"line":21,"column":2},"end":{"line":32,"column":3}},{"start":{"line":27,"column":9},"end":{"line":32,"column":3}}],"line":21},"6":{"loc":{"start":{"line":21,"column":6},"end":{"line":21,"column":77}},"type":"binary-expr","locations":[{"start":{"line":21,"column":6},"end":{"line":21,"column":29}},{"start":{"line":21,"column":33},"end":{"line":21,"column":55}},{"start":{"line":21,"column":59},"end":{"line":21,"column":77}}],"line":21},"7":{"loc":{"start":{"line":26,"column":4},"end":{"line":26,"column":69}},"type":"if","locations":[{"start":{"line":26,"column":4},"end":{"line":26,"column":69}},{"start":{},"end":{}}],"line":26},"8":{"loc":{"start":{"line":35,"column":2},"end":{"line":35,"column":79}},"type":"if","locations":[{"start":{"line":35,"column":2},"end":{"line":35,"column":79}},{"start":{},"end":{}}],"line":35},"9":{"loc":{"start":{"line":35,"column":6},"end":{"line":35,"column":50}},"type":"binary-expr","locations":[{"start":{"line":35,"column":6},"end":{"line":35,"column":27}},{"start":{"line":35,"column":31},"end":{"line":35,"column":50}}],"line":35},"10":{"loc":{"start":{"line":60,"column":89},"end":{"line":60,"column":108}},"type":"default-arg","locations":[{"start":{"line":60,"column":105},"end":{"line":60,"column":108}}],"line":60}},"s":{"0":1,"1":3,"2":3,"3":1,"4":0,"5":0,"6":1,"7":3,"8":3,"9":0,"10":3,"11":2,"12":2,"13":0,"14":1,"15":1,"16":1,"17":3,"18":0,"19":3,"20":3,"21":13,"22":13,"23":13,"24":3,"25":1,"26":0,"27":1,"28":0,"29":1,"30":0},"f":{"0":3,"1":0,"2":3,"3":0,"4":0,"5":0},"b":{"0":[0,0],"1":[0],"2":[1],"3":[0,3],"4":[3,3],"5":[2,1],"6":[3,2,2],"7":[0,2],"8":[0,3],"9":[3,3],"10":[0]},"_coverageSchema":"1a1c01bbd47fc00a2c39e90264f33305004495a9","hash":"67475253b83295ca19f98eac5679506732630f3e"}
,"C:\\Users\\HP\\Desktop\\SBR Respositry\\SBR\\back-end\\services\\timeHelper.service.js": {"path":"C:\\Users\\HP\\Desktop\\SBR Respositry\\SBR\\back-end\\services\\timeHelper.service.js","statementMap":{"0":{"start":{"line":10,"column":28},"end":{"line":14,"column":1}},"1":{"start":{"line":11,"column":14},"end":{"line":11,"column":24}},"2":{"start":{"line":12,"column":20},"end":{"line":12,"column":85}},"3":{"start":{"line":13,"column":2},"end":{"line":13,"column":19}},"4":{"start":{"line":21,"column":26},"end":{"line":30,"column":1}},"5":{"start":{"line":22,"column":2},"end":{"line":22,"column":56}},"6":{"start":{"line":22,"column":38},"end":{"line":22,"column":56}},"7":{"start":{"line":23,"column":14},"end":{"line":23,"column":29}},"8":{"start":{"line":24,"column":18},"end":{"line":24,"column":35}},"9":{"start":{"line":25,"column":15},"end":{"line":25,"column":40}},"10":{"start":{"line":26,"column":2},"end":{"line":26,"column":21}},"11":{"start":{"line":27,"column":2},"end":{"line":27,"column":29}},"12":{"start":{"line":28,"column":21},"end":{"line":28,"column":59}},"13":{"start":{"line":29,"column":2},"end":{"line":29,"column":42}},"14":{"start":{"line":37,"column":28},"end":{"line":44,"column":1}},"15":{"start":{"line":38,"column":2},"end":{"line":38,"column":53}},"16":{"start":{"line":38,"column":38},"end":{"line":38,"column":53}},"17":{"start":{"line":39,"column":16},"end":{"line":39,"column":31}},"18":{"start":{"line":40,"column":18},"end":{"line":40,"column":35}},"19":{"start":{"line":41,"column":19},"end":{"line":41,"column":51}},"20":{"start":{"line":42,"column":21},"end":{"line":42,"column":59}},"21":{"start":{"line":43,"column":2},"end":{"line":43,"column":37}},"22":{"start":{"line":52,"column":33},"end":{"line":55,"column":1}},"23":{"start":{"line":53,"column":2},"end":{"line":53,"column":44}},"24":{"start":{"line":53,"column":35},"end":{"line":53,"column":44}},"25":{"start":{"line":54,"column":2},"end":{"line":54,"column":62}},"26":{"start":{"line":63,"column":36},"end":{"line":65,"column":1}},"27":{"start":{"line":64,"column":2},"end":{"line":64,"column":14}},"28":{"start":{"line":72,"column":32},"end":{"line":75,"column":1}},"29":{"start":{"line":73,"column":20},"end":{"line":73,"column":40}},"30":{"start":{"line":74,"column":2},"end":{"line":74,"column":44}},"31":{"start":{"line":83,"column":26},"end":{"line":90,"column":1}},"32":{"start":{"line":84,"column":2},"end":{"line":86,"column":3}},"33":{"start":{"line":85,"column":4},"end":{"line":85,"column":22}},"34":{"start":{"line":87,"column":18},"end":{"line":87,"column":32}},"35":{"start":{"line":88,"column":2},"end":{"line":88,"column":65}},"36":{"start":{"line":89,"column":2},"end":{"line":89,"column":17}}},"fnMap":{"0":{"name":"(anonymous_0)","decl":{"start":{"line":10,"column":28},"end":{"line":10,"column":29}},"loc":{"start":{"line":10,"column":34},"end":{"line":14,"column":1}},"line":10},"1":{"name":"(anonymous_1)","decl":{"start":{"line":21,"column":26},"end":{"line":21,"column":27}},"loc":{"start":{"line":21,"column":36},"end":{"line":30,"column":1}},"line":21},"2":{"name":"(anonymous_2)","decl":{"start":{"line":37,"column":28},"end":{"line":37,"column":29}},"loc":{"start":{"line":37,"column":38},"end":{"line":44,"column":1}},"line":37},"3":{"name":"(anonymous_3)","decl":{"start":{"line":52,"column":33},"end":{"line":52,"column":34}},"loc":{"start":{"line":52,"column":62},"end":{"line":55,"column":1}},"line":52},"4":{"name":"(anonymous_4)","decl":{"start":{"line":63,"column":36},"end":{"line":63,"column":37}},"loc":{"start":{"line":63,"column":63},"end":{"line":65,"column":1}},"line":63},"5":{"name":"(anonymous_5)","decl":{"start":{"line":72,"column":32},"end":{"line":72,"column":33}},"loc":{"start":{"line":72,"column":49},"end":{"line":75,"column":1}},"line":72},"6":{"name":"(anonymous_6)","decl":{"start":{"line":83,"column":26},"end":{"line":83,"column":27}},"loc":{"start":{"line":83,"column":45},"end":{"line":90,"column":1}},"line":83}},"branchMap":{"0":{"loc":{"start":{"line":22,"column":2},"end":{"line":22,"column":56}},"type":"if","locations":[{"start":{"line":22,"column":2},"end":{"line":22,"column":56}},{"start":{},"end":{}}],"line":22},"1":{"loc":{"start":{"line":22,"column":6},"end":{"line":22,"column":36}},"type":"binary-expr","locations":[{"start":{"line":22,"column":6},"end":{"line":22,"column":11}},{"start":{"line":22,"column":15},"end":{"line":22,"column":36}}],"line":22},"2":{"loc":{"start":{"line":25,"column":15},"end":{"line":25,"column":40}},"type":"cond-expr","locations":[{"start":{"line":25,"column":29},"end":{"line":25,"column":33}},{"start":{"line":25,"column":36},"end":{"line":25,"column":40}}],"line":25},"3":{"loc":{"start":{"line":27,"column":10},"end":{"line":27,"column":28}},"type":"cond-expr","locations":[{"start":{"line":27,"column":18},"end":{"line":27,"column":23}},{"start":{"line":27,"column":26},"end":{"line":27,"column":28}}],"line":27},"4":{"loc":{"start":{"line":28,"column":21},"end":{"line":28,"column":59}},"type":"cond-expr","locations":[{"start":{"line":28,"column":36},"end":{"line":28,"column":49}},{"start":{"line":28,"column":52},"end":{"line":28,"column":59}}],"line":28},"5":{"loc":{"start":{"line":38,"column":2},"end":{"line":38,"column":53}},"type":"if","locations":[{"start":{"line":38,"column":2},"end":{"line":38,"column":53}},{"start":{},"end":{}}],"line":38},"6":{"loc":{"start":{"line":38,"column":6},"end":{"line":38,"column":36}},"type":"binary-expr","locations":[{"start":{"line":38,"column":6},"end":{"line":38,"column":11}},{"start":{"line":38,"column":15},"end":{"line":38,"column":36}}],"line":38},"7":{"loc":{"start":{"line":41,"column":19},"end":{"line":41,"column":51}},"type":"cond-expr","locations":[{"start":{"line":41,"column":32},"end":{"line":41,"column":43}},{"start":{"line":41,"column":46},"end":{"line":41,"column":51}}],"line":41},"8":{"loc":{"start":{"line":42,"column":21},"end":{"line":42,"column":59}},"type":"cond-expr","locations":[{"start":{"line":42,"column":36},"end":{"line":42,"column":49}},{"start":{"line":42,"column":52},"end":{"line":42,"column":59}}],"line":42},"9":{"loc":{"start":{"line":53,"column":2},"end":{"line":53,"column":44}},"type":"if","locations":[{"start":{"line":53,"column":2},"end":{"line":53,"column":44}},{"start":{},"end":{}}],"line":53},"10":{"loc":{"start":{"line":53,"column":6},"end":{"line":53,"column":33}},"type":"binary-expr","locations":[{"start":{"line":53,"column":6},"end":{"line":53,"column":17}},{"start":{"line":53,"column":21},"end":{"line":53,"column":33}}],"line":53},"11":{"loc":{"start":{"line":74,"column":9},"end":{"line":74,"column":43}},"type":"binary-expr","locations":[{"start":{"line":74,"column":9},"end":{"line":74,"column":24}},{"start":{"line":74,"column":28},"end":{"line":74,"column":43}}],"line":74},"12":{"loc":{"start":{"line":84,"column":2},"end":{"line":86,"column":3}},"type":"if","locations":[{"start":{"line":84,"column":2},"end":{"line":86,"column":3}},{"start":{},"end":{}}],"line":84},"13":{"loc":{"start":{"line":84,"column":6},"end":{"line":84,"column":54}},"type":"binary-expr","locations":[{"start":{"line":84,"column":6},"end":{"line":84,"column":11}},{"start":{"line":84,"column":15},"end":{"line":84,"column":36}},{"start":{"line":84,"column":40},"end":{"line":84,"column":54}}],"line":84}},"s":{"0":2,"1":0,"2":0,"3":0,"4":2,"5":17,"6":1,"7":16,"8":16,"9":16,"10":16,"11":16,"12":16,"13":16,"14":2,"15":14,"16":0,"17":14,"18":14,"19":14,"20":14,"21":14,"22":2,"23":13,"24":0,"25":13,"26":2,"27":0,"28":2,"29":0,"30":0,"31":2,"32":15,"33":0,"34":15,"35":15,"36":15},"f":{"0":0,"1":17,"2":14,"3":13,"4":0,"5":0,"6":15},"b":{"0":[1,16],"1":[17,17],"2":[15,1],"3":[15,1],"4":[6,10],"5":[0,14],"6":[14,14],"7":[1,13],"8":[6,8],"9":[0,13],"10":[13,13],"11":[0,0],"12":[0,15],"13":[15,15,15]},"_coverageSchema":"1a1c01bbd47fc00a2c39e90264f33305004495a9","hash":"d78678fe0305a374218d7dc03b2af464555c6833"}
,"C:\\Users\\HP\\Desktop\\SBR Respositry\\SBR\\back-end\\services\\topsis.service.js": {"path":"C:\\Users\\HP\\Desktop\\SBR Respositry\\SBR\\back-end\\services\\topsis.service.js","statementMap":{"0":{"start":{"line":5,"column":25},"end":{"line":14,"column":1}},"1":{"start":{"line":6,"column":16},"end":{"line":6,"column":89}},"2":{"start":{"line":7,"column":2},"end":{"line":13,"column":4}},"3":{"start":{"line":16,"column":25},"end":{"line":75,"column":1}},"4":{"start":{"line":17,"column":2},"end":{"line":17,"column":46}},"5":{"start":{"line":17,"column":36},"end":{"line":17,"column":46}},"6":{"start":{"line":20,"column":2},"end":{"line":22,"column":3}},"7":{"start":{"line":21,"column":4},"end":{"line":21,"column":41}},"8":{"start":{"line":24,"column":19},"end":{"line":24,"column":88}},"9":{"start":{"line":25,"column":28},"end":{"line":25,"column":53}},"10":{"start":{"line":29,"column":27},"end":{"line":34,"column":4}},"11":{"start":{"line":30,"column":19},"end":{"line":30,"column":51}},"12":{"start":{"line":30,"column":36},"end":{"line":30,"column":50}},"13":{"start":{"line":31,"column":24},"end":{"line":31,"column":82}},"14":{"start":{"line":31,"column":62},"end":{"line":31,"column":77}},"15":{"start":{"line":32,"column":4},"end":{"line":32,"column":54}},"16":{"start":{"line":32,"column":27},"end":{"line":32,"column":54}},"17":{"start":{"line":32,"column":51},"end":{"line":32,"column":52}},"18":{"start":{"line":33,"column":4},"end":{"line":33,"column":48}},"19":{"start":{"line":33,"column":29},"end":{"line":33,"column":46}},"20":{"start":{"line":37,"column":25},"end":{"line":39,"column":3}},"21":{"start":{"line":38,"column":4},"end":{"line":38,"column":72}},"22":{"start":{"line":38,"column":37},"end":{"line":38,"column":71}},"23":{"start":{"line":42,"column":32},"end":{"line":42,"column":90}},"24":{"start":{"line":42,"column":57},"end":{"line":42,"column":89}},"25":{"start":{"line":43,"column":32},"end":{"line":43,"column":90}},"26":{"start":{"line":43,"column":57},"end":{"line":43,"column":89}},"27":{"start":{"line":50,"column":20},"end":{"line":61,"column":4}},"28":{"start":{"line":51,"column":16},"end":{"line":51,"column":17}},"29":{"start":{"line":51,"column":28},"end":{"line":51,"column":29}},"30":{"start":{"line":52,"column":4},"end":{"line":56,"column":7}},"31":{"start":{"line":53,"column":16},"end":{"line":53,"column":44}},"32":{"start":{"line":54,"column":6},"end":{"line":54,"column":61}},"33":{"start":{"line":55,"column":6},"end":{"line":55,"column":61}},"34":{"start":{"line":57,"column":4},"end":{"line":60,"column":6}},"35":{"start":{"line":64,"column":26},"end":{"line":69,"column":4}},"36":{"start":{"line":65,"column":52},"end":{"line":65,"column":66}},"37":{"start":{"line":66,"column":18},"end":{"line":66,"column":54}},"38":{"start":{"line":67,"column":18},"end":{"line":67,"column":62}},"39":{"start":{"line":68,"column":4},"end":{"line":68,"column":60}},"40":{"start":{"line":72,"column":2},"end":{"line":72,"column":52}},"41":{"start":{"line":72,"column":33},"end":{"line":72,"column":50}},"42":{"start":{"line":74,"column":2},"end":{"line":74,"column":25}}},"fnMap":{"0":{"name":"(anonymous_0)","decl":{"start":{"line":5,"column":25},"end":{"line":5,"column":26}},"loc":{"start":{"line":5,"column":38},"end":{"line":14,"column":1}},"line":5},"1":{"name":"(anonymous_1)","decl":{"start":{"line":16,"column":25},"end":{"line":16,"column":26}},"loc":{"start":{"line":16,"column":45},"end":{"line":75,"column":1}},"line":16},"2":{"name":"(anonymous_2)","decl":{"start":{"line":29,"column":40},"end":{"line":29,"column":41}},"loc":{"start":{"line":29,"column":53},"end":{"line":34,"column":3}},"line":29},"3":{"name":"(anonymous_3)","decl":{"start":{"line":30,"column":29},"end":{"line":30,"column":30}},"loc":{"start":{"line":30,"column":36},"end":{"line":30,"column":50}},"line":30},"4":{"name":"(anonymous_4)","decl":{"start":{"line":31,"column":48},"end":{"line":31,"column":49}},"loc":{"start":{"line":31,"column":62},"end":{"line":31,"column":77}},"line":31},"5":{"name":"(anonymous_5)","decl":{"start":{"line":32,"column":45},"end":{"line":32,"column":46}},"loc":{"start":{"line":32,"column":51},"end":{"line":32,"column":52}},"line":32},"6":{"name":"(anonymous_6)","decl":{"start":{"line":33,"column":22},"end":{"line":33,"column":23}},"loc":{"start":{"line":33,"column":29},"end":{"line":33,"column":46}},"line":33},"7":{"name":"(anonymous_7)","decl":{"start":{"line":37,"column":38},"end":{"line":37,"column":39}},"loc":{"start":{"line":38,"column":4},"end":{"line":38,"column":72}},"line":38},"8":{"name":"(anonymous_8)","decl":{"start":{"line":38,"column":30},"end":{"line":38,"column":31}},"loc":{"start":{"line":38,"column":37},"end":{"line":38,"column":71}},"line":38},"9":{"name":"(anonymous_9)","decl":{"start":{"line":42,"column":45},"end":{"line":42,"column":46}},"loc":{"start":{"line":42,"column":57},"end":{"line":42,"column":89}},"line":42},"10":{"name":"(anonymous_10)","decl":{"start":{"line":43,"column":45},"end":{"line":43,"column":46}},"loc":{"start":{"line":43,"column":57},"end":{"line":43,"column":89}},"line":43},"11":{"name":"(anonymous_11)","decl":{"start":{"line":50,"column":30},"end":{"line":50,"column":31}},"loc":{"start":{"line":50,"column":45},"end":{"line":61,"column":3}},"line":50},"12":{"name":"(anonymous_12)","decl":{"start":{"line":52,"column":21},"end":{"line":52,"column":22}},"loc":{"start":{"line":52,"column":34},"end":{"line":56,"column":5}},"line":52},"13":{"name":"(anonymous_13)","decl":{"start":{"line":64,"column":36},"end":{"line":64,"column":37}},"loc":{"start":{"line":64,"column":50},"end":{"line":69,"column":3}},"line":64},"14":{"name":"(anonymous_14)","decl":{"start":{"line":72,"column":23},"end":{"line":72,"column":24}},"loc":{"start":{"line":72,"column":33},"end":{"line":72,"column":50}},"line":72}},"branchMap":{"0":{"loc":{"start":{"line":17,"column":2},"end":{"line":17,"column":46}},"type":"if","locations":[{"start":{"line":17,"column":2},"end":{"line":17,"column":46}},{"start":{},"end":{}}],"line":17},"1":{"loc":{"start":{"line":17,"column":6},"end":{"line":17,"column":34}},"type":"binary-expr","locations":[{"start":{"line":17,"column":6},"end":{"line":17,"column":12}},{"start":{"line":17,"column":16},"end":{"line":17,"column":34}}],"line":17},"2":{"loc":{"start":{"line":20,"column":2},"end":{"line":22,"column":3}},"type":"if","locations":[{"start":{"line":20,"column":2},"end":{"line":22,"column":3}},{"start":{},"end":{}}],"line":20},"3":{"loc":{"start":{"line":32,"column":4},"end":{"line":32,"column":54}},"type":"if","locations":[{"start":{"line":32,"column":4},"end":{"line":32,"column":54}},{"start":{},"end":{}}],"line":32},"4":{"loc":{"start":{"line":67,"column":18},"end":{"line":67,"column":62}},"type":"cond-expr","locations":[{"start":{"line":67,"column":32},"end":{"line":67,"column":33}},{"start":{"line":67,"column":36},"end":{"line":67,"column":62}}],"line":67}},"s":{"0":1,"1":3,"2":3,"3":1,"4":5,"5":1,"6":4,"7":1,"8":3,"9":3,"10":3,"11":15,"12":40,"13":15,"14":40,"15":15,"16":3,"17":8,"18":12,"19":32,"20":3,"21":15,"22":40,"23":3,"24":15,"25":3,"26":15,"27":3,"28":8,"29":8,"30":8,"31":40,"32":40,"33":40,"34":8,"35":3,"36":8,"37":8,"38":8,"39":8,"40":3,"41":7,"42":3},"f":{"0":3,"1":5,"2":15,"3":40,"4":40,"5":8,"6":32,"7":15,"8":40,"9":15,"10":15,"11":8,"12":40,"13":8,"14":7},"b":{"0":[1,4],"1":[5,5],"2":[1,3],"3":[3,12],"4":[2,6]},"_coverageSchema":"1a1c01bbd47fc00a2c39e90264f33305004495a9","hash":"066baee309807cc36f9e02b9c7feb7d95b4a282b"}
}
