TN:
SF:models\BusStop.js
FN:69,(anonymous_0)
FN:84,(anonymous_1)
FN:96,(anonymous_2)
FNF:3
FNH:0
FNDA:0,(anonymous_0)
FNDA:0,(anonymous_1)
FNDA:0,(anonymous_2)
DA:3,1
DA:69,1
DA:70,0
DA:71,0
DA:76,0
DA:80,1
DA:81,1
DA:84,1
DA:85,0
DA:86,0
DA:87,0
DA:88,0
DA:92,0
DA:96,1
DA:97,0
DA:111,1
LF:16
LH:7
BRDA:70,0,0,0
BRDA:70,0,1,0
BRDA:70,1,0,0
BRDA:70,1,1,0
BRDA:96,2,0,0
BRF:5
BRH:0
end_of_record
TN:
SF:services\geoCalculator.service.js
FN:3,(anonymous_0)
FN:14,(anonymous_1)
FN:18,(anonymous_2)
FN:38,(anonymous_3)
FNF:4
FNH:1
FNDA:3,(anonymous_0)
FNDA:0,(anonymous_1)
FNDA:0,(anonymous_2)
FNDA:0,(anonymous_3)
DA:3,1
DA:4,3
DA:5,3
DA:6,3
DA:8,3
DA:11,3
DA:14,1
DA:15,0
DA:16,0
DA:18,0
DA:24,0
DA:25,0
DA:27,0
DA:28,0
DA:29,0
DA:30,0
DA:31,0
DA:34,0
DA:38,1
DA:39,0
DA:45,0
LF:21
LH:8
BRDA:14,0,0,0
BRDA:30,1,0,0
BRDA:30,1,1,0
BRF:3
BRH:0
end_of_record
TN:
SF:services\scheduleGenerator.service.js
FN:3,(anonymous_0)
FN:8,(anonymous_1)
FN:13,(anonymous_2)
FN:52,(anonymous_3)
FN:56,(anonymous_4)
FN:60,(anonymous_5)
FNF:6
FNH:2
FNDA:3,(anonymous_0)
FNDA:0,(anonymous_1)
FNDA:3,(anonymous_2)
FNDA:0,(anonymous_3)
FNDA:0,(anonymous_4)
FNDA:0,(anonymous_5)
DA:3,1
DA:4,3
DA:5,3
DA:8,1
DA:9,0
DA:10,0
DA:13,1
DA:14,3
DA:17,3
DA:21,3
DA:24,2
DA:26,2
DA:29,1
DA:30,1
DA:31,1
DA:35,3
DA:37,3
DA:38,13
DA:39,13
DA:41,13
DA:49,3
DA:52,1
DA:53,0
DA:56,1
DA:57,0
DA:60,1
DA:61,0
LF:27
LH:22
BRDA:10,0,0,0
BRDA:10,0,1,0
BRDA:13,1,0,0
BRDA:13,2,0,1
BRDA:17,3,0,0
BRDA:17,3,1,3
BRDA:17,4,0,3
BRDA:17,4,1,3
BRDA:21,5,0,2
BRDA:21,5,1,1
BRDA:21,6,0,3
BRDA:21,6,1,2
BRDA:21,6,2,2
BRDA:26,7,0,0
BRDA:26,7,1,2
BRDA:35,8,0,0
BRDA:35,8,1,3
BRDA:35,9,0,3
BRDA:35,9,1,3
BRDA:60,10,0,0
BRF:20
BRH:13
end_of_record
TN:
SF:services\timeHelper.service.js
FN:10,(anonymous_0)
FN:21,(anonymous_1)
FN:37,(anonymous_2)
FN:52,(anonymous_3)
FN:63,(anonymous_4)
FN:72,(anonymous_5)
FN:83,(anonymous_6)
FNF:7
FNH:4
FNDA:0,(anonymous_0)
FNDA:17,(anonymous_1)
FNDA:14,(anonymous_2)
FNDA:13,(anonymous_3)
FNDA:0,(anonymous_4)
FNDA:0,(anonymous_5)
FNDA:15,(anonymous_6)
DA:10,2
DA:11,0
DA:12,0
DA:13,0
DA:21,2
DA:22,17
DA:23,16
DA:24,16
DA:25,16
DA:26,16
DA:27,16
DA:28,16
DA:29,16
DA:37,2
DA:38,14
DA:39,14
DA:40,14
DA:41,14
DA:42,14
DA:43,14
DA:52,2
DA:53,13
DA:54,13
DA:63,2
DA:64,0
DA:72,2
DA:73,0
DA:74,0
DA:83,2
DA:84,15
DA:85,0
DA:87,15
DA:88,15
DA:89,15
LF:34
LH:27
BRDA:22,0,0,1
BRDA:22,0,1,16
BRDA:22,1,0,17
BRDA:22,1,1,17
BRDA:25,2,0,15
BRDA:25,2,1,1
BRDA:27,3,0,15
BRDA:27,3,1,1
BRDA:28,4,0,6
BRDA:28,4,1,10
BRDA:38,5,0,0
BRDA:38,5,1,14
BRDA:38,6,0,14
BRDA:38,6,1,14
BRDA:41,7,0,1
BRDA:41,7,1,13
BRDA:42,8,0,6
BRDA:42,8,1,8
BRDA:53,9,0,0
BRDA:53,9,1,13
BRDA:53,10,0,13
BRDA:53,10,1,13
BRDA:74,11,0,0
BRDA:74,11,1,0
BRDA:84,12,0,0
BRDA:84,12,1,15
BRDA:84,13,0,15
BRDA:84,13,1,15
BRDA:84,13,2,15
BRF:29
BRH:24
end_of_record
TN:
SF:services\topsis.service.js
FN:5,(anonymous_0)
FN:16,(anonymous_1)
FN:29,(anonymous_2)
FN:30,(anonymous_3)
FN:31,(anonymous_4)
FN:32,(anonymous_5)
FN:33,(anonymous_6)
FN:37,(anonymous_7)
FN:38,(anonymous_8)
FN:42,(anonymous_9)
FN:43,(anonymous_10)
FN:50,(anonymous_11)
FN:52,(anonymous_12)
FN:64,(anonymous_13)
FN:72,(anonymous_14)
FNF:15
FNH:15
FNDA:3,(anonymous_0)
FNDA:5,(anonymous_1)
FNDA:15,(anonymous_2)
FNDA:40,(anonymous_3)
FNDA:40,(anonymous_4)
FNDA:8,(anonymous_5)
FNDA:32,(anonymous_6)
FNDA:15,(anonymous_7)
FNDA:40,(anonymous_8)
FNDA:15,(anonymous_9)
FNDA:15,(anonymous_10)
FNDA:8,(anonymous_11)
FNDA:40,(anonymous_12)
FNDA:8,(anonymous_13)
FNDA:7,(anonymous_14)
DA:5,1
DA:6,3
DA:7,3
DA:16,1
DA:17,5
DA:20,4
DA:21,1
DA:24,3
DA:25,3
DA:29,3
DA:30,40
DA:31,40
DA:32,15
DA:33,32
DA:37,3
DA:38,40
DA:42,15
DA:43,15
DA:50,3
DA:51,8
DA:52,8
DA:53,40
DA:54,40
DA:55,40
DA:57,8
DA:64,3
DA:65,8
DA:66,8
DA:67,8
DA:68,8
DA:72,7
DA:74,3
LF:32
LH:32
BRDA:17,0,0,1
BRDA:17,0,1,4
BRDA:17,1,0,5
BRDA:17,1,1,5
BRDA:20,2,0,1
BRDA:20,2,1,3
BRDA:32,3,0,3
BRDA:32,3,1,12
BRDA:67,4,0,2
BRDA:67,4,1,6
BRF:10
BRH:10
end_of_record
